<?xml version="1.0" encoding="UTF-8"?>
<testsuites name="TS-User auth (negative scenarios)" time="248" tests="2" failures="0" errors="1">
   <testsuite name="TS-User auth (negative scenarios)" tests="2" failures="0" errors="1" time="248" timestamp="2018-12-14 11:46:21" hostname="C810896 - 36779SBKITD152L.ke.sbicdirectory.com" id="Test Suites/User Authentication/TS-User auth (negative scenarios)">
      <properties>
         <property name="deviceName" value=""/>
         <property name="devicePlatform" value=""/>
         <property name="logFolder" value="C:\\Users\\c810896\\Katalon Studio\\Masoko Automation\\Reports\\User Authentication\\TS-User auth (negative scenarios)\\20181214_114613"/>
         <property name="logFiles" value="C:\\Users\\c810896\\Katalon Studio\\Masoko Automation\\Reports\\User Authentication\\TS-User auth (negative scenarios)\\20181214_114613\\execution0.log"/>
         <property name="attachments" value=""/>
         <property name="hostName" value="C810896 - 36779SBKITD152L.ke.sbicdirectory.com"/>
         <property name="os" value="Windows 7 32bit"/>
         <property name="katalonVersion" value="5.9.1.2"/>
         <property name="browser" value="Chrome 71.0.3578.98"/>
         <property name="hostAddress" value="10.235.240.249"/>
         <property name="sessionId" value="5452f89fce3283af8521fbb8f0a417f7"/>
         <property name="seleniumVersion" value="3.7.1"/>
         <property name="proxyInformation" value="ProxyInformation{proxyOption=NO_PROXY, proxyServerType=HTTP, password=, proxyServerAddress=, proxyServerPort=0}"/>
         <property name="platform" value="Windows 7"/>
      </properties>
      <testcase name="Test Cases/User Authentication/TC-Customer registration validation(phone is reuqired)" classname="Test Cases/User Authentication/TC-Customer registration validation(phone is reuqired)" status="PASSED">
         <system-out><![CDATA[2018-12-14 11:46:22 - [TEST_CASE][PASSED] - Test Cases/User Authentication/TC-Customer registration validation(phone is reuqired): Test Cases/User Authentication/TC-Customer registration validation(phone is reuqired)

2018-12-14 11:46:23 - [TEST_STEP][PASSED] - openBrowser(masoko): Browser is opened with url: 'https://www.masoko.com/'

2018-12-14 11:46:25 - [MESSAGE][INFO] - Starting 'Chrome' driver

2018-12-14 11:46:25 - [MESSAGE][INFO] - Action delay is set to 0 seconds

2018-12-14 11:47:29 - [MESSAGE][PASSED] - Browser is opened with url: 'https://www.masoko.com/'

2018-12-14 11:47:29 - [TEST_STEP][PASSED] - click(findTestObject("Home Page/Register")): Object: 'Object Repository/Home Page/Register' is clicked on

2018-12-14 11:47:54 - [MESSAGE][PASSED] - Object: 'Object Repository/Home Page/Register' is clicked on

2018-12-14 11:47:54 - [TEST_STEP][PASSED] - setText(findTestObject("Create New Customer Account Page/input_firstname"), findTestData("Masoko data/TD -Masoko registration").getValue(1, 1)): Text 'maris' is set on object 'Object Repository/Create New Customer Account Page/input_firstname'

2018-12-14 11:47:54 - [MESSAGE][PASSED] - Text 'maris' is set on object 'Object Repository/Create New Customer Account Page/input_firstname'

2018-12-14 11:47:54 - [TEST_STEP][PASSED] - setText(findTestObject("Create New Customer Account Page/input_lastname"), findTestData("Masoko data/TD -Masoko registration").getValue(2, 1)): Text 'kaugi' is set on object 'Object Repository/Create New Customer Account Page/input_lastname'

2018-12-14 11:47:55 - [MESSAGE][PASSED] - Text 'kaugi' is set on object 'Object Repository/Create New Customer Account Page/input_lastname'

2018-12-14 11:47:55 - [TEST_STEP][PASSED] - setText(findTestObject("Create New Customer Account Page/input_mobile"), ""): Text '' is set on object 'Object Repository/Create New Customer Account Page/input_mobile'

2018-12-14 11:47:55 - [MESSAGE][PASSED] - Text '' is set on object 'Object Repository/Create New Customer Account Page/input_mobile'

2018-12-14 11:47:55 - [TEST_STEP][PASSED] - setText(findTestObject("Create New Customer Account Page/input_email"), findTestData("Masoko data/TD -Masoko registration").getValue(4, 1)): Text '715560738' is set on object 'Object Repository/Create New Customer Account Page/input_email'

2018-12-14 11:47:55 - [MESSAGE][PASSED] - Text '715560738' is set on object 'Object Repository/Create New Customer Account Page/input_email'

2018-12-14 11:47:55 - [TEST_STEP][PASSED] - setText(findTestObject("Create New Customer Account Page/input_password"), findTestData("Masoko data/TD -Masoko registration").getValue(5, 1)): Text 'Kenya@123' is set on object 'Object Repository/Create New Customer Account Page/input_password'

2018-12-14 11:47:56 - [MESSAGE][PASSED] - Text 'Kenya@123' is set on object 'Object Repository/Create New Customer Account Page/input_password'

2018-12-14 11:47:56 - [TEST_STEP][PASSED] - setText(findTestObject("Create New Customer Account Page/input_password_confirmation"), findTestData("Masoko data/TD -Masoko registration").getValue(6, 1)): Text 'Kenya@123' is set on object 'Object Repository/Create New Customer Account Page/input_password_confirmation'

2018-12-14 11:47:58 - [MESSAGE][PASSED] - Text 'Kenya@123' is set on object 'Object Repository/Create New Customer Account Page/input_password_confirmation'

2018-12-14 11:47:58 - [TEST_STEP][PASSED] - click(findTestObject("Create New Customer Account Page/button_Create an Account")): Object: 'Object Repository/Create New Customer Account Page/button_Create an Account' is clicked on

2018-12-14 11:47:58 - [MESSAGE][PASSED] - Object: 'Object Repository/Create New Customer Account Page/button_Create an Account' is clicked on

2018-12-14 11:47:58 - [TEST_STEP][PASSED] - verifyElementPresent(findTestObject("Create New Customer Account Page/empty_phone_field error"), 2): Object 'Object Repository/Create New Customer Account Page/empty_phone_field error' is present

2018-12-14 11:47:58 - [MESSAGE][PASSED] - Object 'Object Repository/Create New Customer Account Page/empty_phone_field error' is present

2018-12-14 11:47:58 - [TEST_STEP][PASSED] - closeBrowser(): Browser is closed

2018-12-14 11:47:59 - [MESSAGE][PASSED] - Browser is closed]]></system-out>
         <system-err><![CDATA[]]></system-err>
      </testcase>
      <testcase name="Test Cases/User Authentication/TC- Login validation(wrong username or password)" classname="Test Cases/User Authentication/TC- Login validation(wrong username or password)" status="ERROR">
         <error type="ERROR" message="Test Cases/User Authentication/TC- Login validation(wrong username or password) FAILED.
Reason:
java.lang.IllegalArgumentException: Invalid row index 4 for test data 'C:\Users\c810896\Katalon Studio\Masoko Automation\Data Files\Masoko data\Masoko Automation.xlsx'. Row index must be between 1..3
	at com.kms.katalon.core.testdata.AbstractTestData.verifyRowIndex(AbstractTestData.java:49)
	at com.kms.katalon.core.testdata.AbstractTestData.getObjectValue(AbstractTestData.java:116)
	at com.kms.katalon.core.testdata.AbstractTestData.getValue(AbstractTestData.java:89)
	at com.kms.katalon.core.testdata.TestData$getValue.call(Unknown Source)
	at TC- Login validation(wrong username or password).run(TC- Login validation(wrong username or password):20)
	at com.kms.katalon.core.main.ScriptEngine.run(ScriptEngine.java:194)
	at com.kms.katalon.core.main.ScriptEngine.runScriptAsRawText(ScriptEngine.java:119)
	at com.kms.katalon.core.main.TestCaseExecutor.runScript(TestCaseExecutor.java:321)
	at com.kms.katalon.core.main.TestCaseExecutor.doExecute(TestCaseExecutor.java:312)
	at com.kms.katalon.core.main.TestCaseExecutor.processExecutionPhase(TestCaseExecutor.java:291)
	at com.kms.katalon.core.main.TestCaseExecutor.accessMainPhase(TestCaseExecutor.java:283)
	at com.kms.katalon.core.main.TestCaseExecutor.execute(TestCaseExecutor.java:222)
	at com.kms.katalon.core.main.TestSuiteExecutor.accessTestCaseMainPhase(TestSuiteExecutor.java:129)
	at com.kms.katalon.core.main.TestSuiteExecutor.accessTestSuiteMainPhase(TestSuiteExecutor.java:112)
	at com.kms.katalon.core.main.TestSuiteExecutor.execute(TestSuiteExecutor.java:81)
	at com.kms.katalon.core.main.TestCaseMain.startTestSuite(TestCaseMain.java:149)
	at com.kms.katalon.core.main.TestCaseMain$startTestSuite$0.call(Unknown Source)
	at TempTestSuite1544777173769.run(TempTestSuite1544777173769.groovy:36)
"/>
         <system-out><![CDATA[2018-12-14 11:48:00 - [TEST_CASE][ERROR] - Test Cases/User Authentication/TC- Login validation(wrong username or password): Test Cases/User Authentication/TC- Login validation(wrong username or password) FAILED.
Reason:
java.lang.IllegalArgumentException: Invalid row index 4 for test data 'C:\Users\c810896\Katalon Studio\Masoko Automation\Data Files\Masoko data\Masoko Automation.xlsx'. Row index must be between 1..3
	at com.kms.katalon.core.testdata.AbstractTestData.verifyRowIndex(AbstractTestData.java:49)
	at com.kms.katalon.core.testdata.AbstractTestData.getObjectValue(AbstractTestData.java:116)
	at com.kms.katalon.core.testdata.AbstractTestData.getValue(AbstractTestData.java:89)
	at com.kms.katalon.core.testdata.TestData$getValue.call(Unknown Source)
	at TC- Login validation(wrong username or password).run(TC- Login validation(wrong username or password):20)
	at com.kms.katalon.core.main.ScriptEngine.run(ScriptEngine.java:194)
	at com.kms.katalon.core.main.ScriptEngine.runScriptAsRawText(ScriptEngine.java:119)
	at com.kms.katalon.core.main.TestCaseExecutor.runScript(TestCaseExecutor.java:321)
	at com.kms.katalon.core.main.TestCaseExecutor.doExecute(TestCaseExecutor.java:312)
	at com.kms.katalon.core.main.TestCaseExecutor.processExecutionPhase(TestCaseExecutor.java:291)
	at com.kms.katalon.core.main.TestCaseExecutor.accessMainPhase(TestCaseExecutor.java:283)
	at com.kms.katalon.core.main.TestCaseExecutor.execute(TestCaseExecutor.java:222)
	at com.kms.katalon.core.main.TestSuiteExecutor.accessTestCaseMainPhase(TestSuiteExecutor.java:129)
	at com.kms.katalon.core.main.TestSuiteExecutor.accessTestSuiteMainPhase(TestSuiteExecutor.java:112)
	at com.kms.katalon.core.main.TestSuiteExecutor.execute(TestSuiteExecutor.java:81)
	at com.kms.katalon.core.main.TestCaseMain.startTestSuite(TestCaseMain.java:149)
	at com.kms.katalon.core.main.TestCaseMain$startTestSuite$0.call(Unknown Source)
	at TempTestSuite1544777173769.run(TempTestSuite1544777173769.groovy:36)


2018-12-14 11:48:00 - [TEST_STEP][PASSED] - openBrowser(masoko): Browser is opened with url: 'https://www.masoko.com/'

2018-12-14 11:48:00 - [MESSAGE][INFO] - Starting 'Chrome' driver

2018-12-14 11:48:55 - [MESSAGE][PASSED] - Browser is opened with url: 'https://www.masoko.com/'

2018-12-14 11:48:55 - [TEST_STEP][PASSED] - click(findTestObject("Home Page/Sign In ")): Object: 'Object Repository/Home Page/Sign In ' is clicked on

2018-12-14 11:49:16 - [MESSAGE][PASSED] - Object: 'Object Repository/Home Page/Sign In ' is clicked on

2018-12-14 11:49:16 - [TEST_STEP][ERROR] - setText(findTestObject("Customer Login Page/input_username"), findTestData("Masoko data/TD- Masoko login").getValue(1, 4)): setText(findTestObject("Customer Login Page/input_username"), findTestData("Masoko data/TD- Masoko login").getValue(1, 4)) FAILED.
Reason:
java.lang.IllegalArgumentException: Invalid row index 4 for test data 'C:\Users\c810896\Katalon Studio\Masoko Automation\Data Files\Masoko data\Masoko Automation.xlsx'. Row index must be between 1..3
	at com.kms.katalon.core.testdata.AbstractTestData.verifyRowIndex(AbstractTestData.java:49)
	at com.kms.katalon.core.testdata.AbstractTestData.getObjectValue(AbstractTestData.java:116)
	at com.kms.katalon.core.testdata.AbstractTestData.getValue(AbstractTestData.java:89)
	at com.kms.katalon.core.testdata.TestData$getValue.call(Unknown Source)
	at TC- Login validation(wrong username or password).run(TC- Login validation(wrong username or password):20)
	at com.kms.katalon.core.main.ScriptEngine.run(ScriptEngine.java:194)
	at com.kms.katalon.core.main.ScriptEngine.runScriptAsRawText(ScriptEngine.java:119)
	at com.kms.katalon.core.main.TestCaseExecutor.runScript(TestCaseExecutor.java:321)
	at com.kms.katalon.core.main.TestCaseExecutor.doExecute(TestCaseExecutor.java:312)
	at com.kms.katalon.core.main.TestCaseExecutor.processExecutionPhase(TestCaseExecutor.java:291)
	at com.kms.katalon.core.main.TestCaseExecutor.accessMainPhase(TestCaseExecutor.java:283)
	at com.kms.katalon.core.main.TestCaseExecutor.execute(TestCaseExecutor.java:222)
	at com.kms.katalon.core.main.TestSuiteExecutor.accessTestCaseMainPhase(TestSuiteExecutor.java:129)
	at com.kms.katalon.core.main.TestSuiteExecutor.accessTestSuiteMainPhase(TestSuiteExecutor.java:112)
	at com.kms.katalon.core.main.TestSuiteExecutor.execute(TestSuiteExecutor.java:81)
	at com.kms.katalon.core.main.TestCaseMain.startTestSuite(TestCaseMain.java:149)
	at com.kms.katalon.core.main.TestCaseMain$startTestSuite$0.call(Unknown Source)
	at TempTestSuite1544777173769.run(TempTestSuite1544777173769.groovy:36)


2018-12-14 11:49:16 - [MESSAGE][ERROR] - setText(findTestObject("Customer Login Page/input_username"), findTestData("Masoko data/TD- Masoko login").getValue(1, 4)) FAILED.
Reason:
java.lang.IllegalArgumentException: Invalid row index 4 for test data 'C:\Users\c810896\Katalon Studio\Masoko Automation\Data Files\Masoko data\Masoko Automation.xlsx'. Row index must be between 1..3
	at com.kms.katalon.core.testdata.AbstractTestData.verifyRowIndex(AbstractTestData.java:49)
	at com.kms.katalon.core.testdata.AbstractTestData.getObjectValue(AbstractTestData.java:116)
	at com.kms.katalon.core.testdata.AbstractTestData.getValue(AbstractTestData.java:89)
	at com.kms.katalon.core.testdata.TestData$getValue.call(Unknown Source)
	at TC- Login validation(wrong username or password).run(TC- Login validation(wrong username or password):20)
	at com.kms.katalon.core.main.ScriptEngine.run(ScriptEngine.java:194)
	at com.kms.katalon.core.main.ScriptEngine.runScriptAsRawText(ScriptEngine.java:119)
	at com.kms.katalon.core.main.TestCaseExecutor.runScript(TestCaseExecutor.java:321)
	at com.kms.katalon.core.main.TestCaseExecutor.doExecute(TestCaseExecutor.java:312)
	at com.kms.katalon.core.main.TestCaseExecutor.processExecutionPhase(TestCaseExecutor.java:291)
	at com.kms.katalon.core.main.TestCaseExecutor.accessMainPhase(TestCaseExecutor.java:283)
	at com.kms.katalon.core.main.TestCaseExecutor.execute(TestCaseExecutor.java:222)
	at com.kms.katalon.core.main.TestSuiteExecutor.accessTestCaseMainPhase(TestSuiteExecutor.java:129)
	at com.kms.katalon.core.main.TestSuiteExecutor.accessTestSuiteMainPhase(TestSuiteExecutor.java:112)
	at com.kms.katalon.core.main.TestSuiteExecutor.execute(TestSuiteExecutor.java:81)
	at com.kms.katalon.core.main.TestCaseMain.startTestSuite(TestCaseMain.java:149)
	at com.kms.katalon.core.main.TestCaseMain$startTestSuite$0.call(Unknown Source)
	at TempTestSuite1544777173769.run(TempTestSuite1544777173769.groovy:36)]]></system-out>
         <system-err><![CDATA[2018-12-14 11:48:00 - [TEST_CASE][ERROR] - Test Cases/User Authentication/TC- Login validation(wrong username or password): Test Cases/User Authentication/TC- Login validation(wrong username or password) FAILED.
Reason:
java.lang.IllegalArgumentException: Invalid row index 4 for test data 'C:\Users\c810896\Katalon Studio\Masoko Automation\Data Files\Masoko data\Masoko Automation.xlsx'. Row index must be between 1..3
	at com.kms.katalon.core.testdata.AbstractTestData.verifyRowIndex(AbstractTestData.java:49)
	at com.kms.katalon.core.testdata.AbstractTestData.getObjectValue(AbstractTestData.java:116)
	at com.kms.katalon.core.testdata.AbstractTestData.getValue(AbstractTestData.java:89)
	at com.kms.katalon.core.testdata.TestData$getValue.call(Unknown Source)
	at TC- Login validation(wrong username or password).run(TC- Login validation(wrong username or password):20)
	at com.kms.katalon.core.main.ScriptEngine.run(ScriptEngine.java:194)
	at com.kms.katalon.core.main.ScriptEngine.runScriptAsRawText(ScriptEngine.java:119)
	at com.kms.katalon.core.main.TestCaseExecutor.runScript(TestCaseExecutor.java:321)
	at com.kms.katalon.core.main.TestCaseExecutor.doExecute(TestCaseExecutor.java:312)
	at com.kms.katalon.core.main.TestCaseExecutor.processExecutionPhase(TestCaseExecutor.java:291)
	at com.kms.katalon.core.main.TestCaseExecutor.accessMainPhase(TestCaseExecutor.java:283)
	at com.kms.katalon.core.main.TestCaseExecutor.execute(TestCaseExecutor.java:222)
	at com.kms.katalon.core.main.TestSuiteExecutor.accessTestCaseMainPhase(TestSuiteExecutor.java:129)
	at com.kms.katalon.core.main.TestSuiteExecutor.accessTestSuiteMainPhase(TestSuiteExecutor.java:112)
	at com.kms.katalon.core.main.TestSuiteExecutor.execute(TestSuiteExecutor.java:81)
	at com.kms.katalon.core.main.TestCaseMain.startTestSuite(TestCaseMain.java:149)
	at com.kms.katalon.core.main.TestCaseMain$startTestSuite$0.call(Unknown Source)
	at TempTestSuite1544777173769.run(TempTestSuite1544777173769.groovy:36)]]></system-err>
      </testcase>
      <testcase name="Test Cases/User Authentication/TC-Login validation(empty fields)" classname="Test Cases/User Authentication/TC-Login validation(empty fields)" status="PASSED">
         <system-out><![CDATA[2018-12-14 11:49:16 - [TEST_CASE][PASSED] - Test Cases/User Authentication/TC-Login validation(empty fields): Test Cases/User Authentication/TC-Login validation(empty fields)

2018-12-14 11:49:16 - [TEST_STEP][PASSED] - openBrowser(masoko): Browser is opened with url: 'https://www.masoko.com/'

2018-12-14 11:49:16 - [MESSAGE][WARNING] - A browser is already opened. Closing browser and opening a new one

2018-12-14 11:49:17 - [MESSAGE][INFO] - Starting 'Chrome' driver

2018-12-14 11:50:06 - [MESSAGE][PASSED] - Browser is opened with url: 'https://www.masoko.com/'

2018-12-14 11:50:06 - [TEST_STEP][PASSED] - click(findTestObject("Home Page/Sign In ")): Object: 'Object Repository/Home Page/Sign In ' is clicked on

2018-12-14 11:50:27 - [MESSAGE][PASSED] - Object: 'Object Repository/Home Page/Sign In ' is clicked on

2018-12-14 11:50:27 - [TEST_STEP][PASSED] - setText(findTestObject("Customer Login Page/input_username"), findTestData("Masoko data/TD- Masoko login").getValue(1, 1)): Text 'stellaireri@gmail.com' is set on object 'Object Repository/Customer Login Page/input_username'

2018-12-14 11:50:28 - [MESSAGE][PASSED] - Text 'stellaireri@gmail.com' is set on object 'Object Repository/Customer Login Page/input_username'

2018-12-14 11:50:28 - [TEST_STEP][PASSED] - setText(findTestObject("Customer Login Page/input_password"), ""): Text '' is set on object 'Object Repository/Customer Login Page/input_password'

2018-12-14 11:50:28 - [MESSAGE][PASSED] - Text '' is set on object 'Object Repository/Customer Login Page/input_password'

2018-12-14 11:50:28 - [TEST_STEP][PASSED] - click(findTestObject("Customer Login Page/button_Sign In")): Object: 'Object Repository/Customer Login Page/button_Sign In' is clicked on

2018-12-14 11:50:28 - [MESSAGE][PASSED] - Object: 'Object Repository/Customer Login Page/button_Sign In' is clicked on

2018-12-14 11:50:28 - [TEST_STEP][PASSED] - verifyElementPresent(findTestObject("Customer Login Page/empty_field error"), 0): Object 'Object Repository/Customer Login Page/empty_field error' is present

2018-12-14 11:50:28 - [MESSAGE][WARNING] - Timeout '0' is invalid. Using default page load timeout: '30'

2018-12-14 11:50:28 - [MESSAGE][PASSED] - Object 'Object Repository/Customer Login Page/empty_field error' is present

2018-12-14 11:50:28 - [TEST_STEP][PASSED] - closeBrowser(): Browser is closed

2018-12-14 11:50:29 - [MESSAGE][PASSED] - Browser is closed]]></system-out>
         <system-err><![CDATA[]]></system-err>
      </testcase>
      <system-out><![CDATA[2018-12-14 11:46:21 - [TEST_SUITE][ERROR] - TS-User auth (negative scenarios): Test Cases/User Authentication/TC- Login validation(wrong username or password) FAILED.
Reason:
java.lang.IllegalArgumentException: Invalid row index 4 for test data 'C:\Users\c810896\Katalon Studio\Masoko Automation\Data Files\Masoko data\Masoko Automation.xlsx'. Row index must be between 1..3
	at com.kms.katalon.core.testdata.AbstractTestData.verifyRowIndex(AbstractTestData.java:49)
	at com.kms.katalon.core.testdata.AbstractTestData.getObjectValue(AbstractTestData.java:116)
	at com.kms.katalon.core.testdata.AbstractTestData.getValue(AbstractTestData.java:89)
	at com.kms.katalon.core.testdata.TestData$getValue.call(Unknown Source)
	at TC- Login validation(wrong username or password).run(TC- Login validation(wrong username or password):20)
	at com.kms.katalon.core.main.ScriptEngine.run(ScriptEngine.java:194)
	at com.kms.katalon.core.main.ScriptEngine.runScriptAsRawText(ScriptEngine.java:119)
	at com.kms.katalon.core.main.TestCaseExecutor.runScript(TestCaseExecutor.java:321)
	at com.kms.katalon.core.main.TestCaseExecutor.doExecute(TestCaseExecutor.java:312)
	at com.kms.katalon.core.main.TestCaseExecutor.processExecutionPhase(TestCaseExecutor.java:291)
	at com.kms.katalon.core.main.TestCaseExecutor.accessMainPhase(TestCaseExecutor.java:283)
	at com.kms.katalon.core.main.TestCaseExecutor.execute(TestCaseExecutor.java:222)
	at com.kms.katalon.core.main.TestSuiteExecutor.accessTestCaseMainPhase(TestSuiteExecutor.java:129)
	at com.kms.katalon.core.main.TestSuiteExecutor.accessTestSuiteMainPhase(TestSuiteExecutor.java:112)
	at com.kms.katalon.core.main.TestSuiteExecutor.execute(TestSuiteExecutor.java:81)
	at com.kms.katalon.core.main.TestCaseMain.startTestSuite(TestCaseMain.java:149)
	at com.kms.katalon.core.main.TestCaseMain$startTestSuite$0.call(Unknown Source)
	at TempTestSuite1544777173769.run(TempTestSuite1544777173769.groovy:36)]]></system-out>
      <system-err><![CDATA[2018-12-14 11:46:21 - [TEST_SUITE][ERROR] - TS-User auth (negative scenarios): Test Cases/User Authentication/TC- Login validation(wrong username or password) FAILED.
Reason:
java.lang.IllegalArgumentException: Invalid row index 4 for test data 'C:\Users\c810896\Katalon Studio\Masoko Automation\Data Files\Masoko data\Masoko Automation.xlsx'. Row index must be between 1..3
	at com.kms.katalon.core.testdata.AbstractTestData.verifyRowIndex(AbstractTestData.java:49)
	at com.kms.katalon.core.testdata.AbstractTestData.getObjectValue(AbstractTestData.java:116)
	at com.kms.katalon.core.testdata.AbstractTestData.getValue(AbstractTestData.java:89)
	at com.kms.katalon.core.testdata.TestData$getValue.call(Unknown Source)
	at TC- Login validation(wrong username or password).run(TC- Login validation(wrong username or password):20)
	at com.kms.katalon.core.main.ScriptEngine.run(ScriptEngine.java:194)
	at com.kms.katalon.core.main.ScriptEngine.runScriptAsRawText(ScriptEngine.java:119)
	at com.kms.katalon.core.main.TestCaseExecutor.runScript(TestCaseExecutor.java:321)
	at com.kms.katalon.core.main.TestCaseExecutor.doExecute(TestCaseExecutor.java:312)
	at com.kms.katalon.core.main.TestCaseExecutor.processExecutionPhase(TestCaseExecutor.java:291)
	at com.kms.katalon.core.main.TestCaseExecutor.accessMainPhase(TestCaseExecutor.java:283)
	at com.kms.katalon.core.main.TestCaseExecutor.execute(TestCaseExecutor.java:222)
	at com.kms.katalon.core.main.TestSuiteExecutor.accessTestCaseMainPhase(TestSuiteExecutor.java:129)
	at com.kms.katalon.core.main.TestSuiteExecutor.accessTestSuiteMainPhase(TestSuiteExecutor.java:112)
	at com.kms.katalon.core.main.TestSuiteExecutor.execute(TestSuiteExecutor.java:81)
	at com.kms.katalon.core.main.TestCaseMain.startTestSuite(TestCaseMain.java:149)
	at com.kms.katalon.core.main.TestCaseMain$startTestSuite$0.call(Unknown Source)
	at TempTestSuite1544777173769.run(TempTestSuite1544777173769.groovy:36)]]></system-err>
   </testsuite>
</testsuites>
