<?xml version="1.0" encoding="UTF-8"?>
<testsuites name="TS-User auth (negative scenarios)" time="290" tests="2" failures="1" errors="0">
   <testsuite name="TS-User auth (negative scenarios)" tests="2" failures="1" errors="0" time="290" timestamp="2018-12-14 12:33:32" hostname="C810896 - 36779SBKITD152L.ke.sbicdirectory.com" id="Test Suites/User Authentication/TS-User auth (negative scenarios)">
      <properties>
         <property name="deviceName" value=""/>
         <property name="devicePlatform" value=""/>
         <property name="logFolder" value="C:\\Users\\c810896\\Katalon Studio\\Masoko Automation\\Reports\\User Authentication\\TS-User auth (negative scenarios)\\20181214_123315"/>
         <property name="logFiles" value="C:\\Users\\c810896\\Katalon Studio\\Masoko Automation\\Reports\\User Authentication\\TS-User auth (negative scenarios)\\20181214_123315\\execution0.log"/>
         <property name="attachments" value="C:\\Users\\c810896\\Katalon Studio\\Masoko Automation\\Reports\\User Authentication\\TS-User auth (negative scenarios)\\20181214_123315\\1544780229579.png, C:\\Users\\c810896\\Katalon Studio\\Masoko Automation\\Reports\\User Authentication\\TS-User auth (negative scenarios)\\20181214_123315\\1544780229986.png"/>
         <property name="hostName" value="C810896 - 36779SBKITD152L.ke.sbicdirectory.com"/>
         <property name="os" value="Windows 7 32bit"/>
         <property name="katalonVersion" value="5.9.1.2"/>
         <property name="browser" value="Chrome 71.0.3578.98"/>
         <property name="hostAddress" value="10.235.240.249"/>
         <property name="sessionId" value="30b47c7d6d916b33c2606165691e5a8a"/>
         <property name="seleniumVersion" value="3.7.1"/>
         <property name="proxyInformation" value="ProxyInformation{proxyOption=NO_PROXY, proxyServerType=HTTP, password=, proxyServerAddress=, proxyServerPort=0}"/>
         <property name="platform" value="Windows 7"/>
      </properties>
      <testcase name="Test Cases/User Authentication/TC-Customer registration validation(phone is reuqired)" classname="Test Cases/User Authentication/TC-Customer registration validation(phone is reuqired)" status="PASSED">
         <system-out><![CDATA[2018-12-14 12:33:33 - [TEST_CASE][PASSED] - Test Cases/User Authentication/TC-Customer registration validation(phone is reuqired): Test Cases/User Authentication/TC-Customer registration validation(phone is reuqired)

2018-12-14 12:33:34 - [TEST_STEP][PASSED] - openBrowser(masoko): Browser is opened with url: 'https://www.masoko.com/'

2018-12-14 12:33:41 - [MESSAGE][INFO] - Starting 'Chrome' driver

2018-12-14 12:33:42 - [MESSAGE][INFO] - Action delay is set to 0 seconds

2018-12-14 12:34:48 - [MESSAGE][PASSED] - Browser is opened with url: 'https://www.masoko.com/'

2018-12-14 12:34:48 - [TEST_STEP][PASSED] - click(findTestObject("Home Page/Register")): Object: 'Object Repository/Home Page/Register' is clicked on

2018-12-14 12:35:10 - [MESSAGE][PASSED] - Object: 'Object Repository/Home Page/Register' is clicked on

2018-12-14 12:35:10 - [TEST_STEP][PASSED] - setText(findTestObject("Create New Customer Account Page/input_firstname"), findTestData("Masoko data/TD -Masoko registration").getValue(1, 1)): Text 'maris' is set on object 'Object Repository/Create New Customer Account Page/input_firstname'

2018-12-14 12:35:10 - [MESSAGE][PASSED] - Text 'maris' is set on object 'Object Repository/Create New Customer Account Page/input_firstname'

2018-12-14 12:35:10 - [TEST_STEP][PASSED] - setText(findTestObject("Create New Customer Account Page/input_lastname"), findTestData("Masoko data/TD -Masoko registration").getValue(2, 1)): Text 'kaugi' is set on object 'Object Repository/Create New Customer Account Page/input_lastname'

2018-12-14 12:35:10 - [MESSAGE][PASSED] - Text 'kaugi' is set on object 'Object Repository/Create New Customer Account Page/input_lastname'

2018-12-14 12:35:10 - [TEST_STEP][PASSED] - setText(findTestObject("Create New Customer Account Page/input_mobile"), ""): Text '' is set on object 'Object Repository/Create New Customer Account Page/input_mobile'

2018-12-14 12:35:10 - [MESSAGE][PASSED] - Text '' is set on object 'Object Repository/Create New Customer Account Page/input_mobile'

2018-12-14 12:35:10 - [TEST_STEP][PASSED] - setText(findTestObject("Create New Customer Account Page/input_email"), findTestData("Masoko data/TD -Masoko registration").getValue(4, 1)): Text '715560738' is set on object 'Object Repository/Create New Customer Account Page/input_email'

2018-12-14 12:35:11 - [MESSAGE][PASSED] - Text '715560738' is set on object 'Object Repository/Create New Customer Account Page/input_email'

2018-12-14 12:35:11 - [TEST_STEP][PASSED] - setText(findTestObject("Create New Customer Account Page/input_password"), findTestData("Masoko data/TD -Masoko registration").getValue(5, 1)): Text 'Kenya@123' is set on object 'Object Repository/Create New Customer Account Page/input_password'

2018-12-14 12:35:11 - [MESSAGE][PASSED] - Text 'Kenya@123' is set on object 'Object Repository/Create New Customer Account Page/input_password'

2018-12-14 12:35:11 - [TEST_STEP][PASSED] - setText(findTestObject("Create New Customer Account Page/input_password_confirmation"), findTestData("Masoko data/TD -Masoko registration").getValue(6, 1)): Text 'Kenya@123' is set on object 'Object Repository/Create New Customer Account Page/input_password_confirmation'

2018-12-14 12:35:11 - [MESSAGE][PASSED] - Text 'Kenya@123' is set on object 'Object Repository/Create New Customer Account Page/input_password_confirmation'

2018-12-14 12:35:11 - [TEST_STEP][PASSED] - click(findTestObject("Create New Customer Account Page/button_Create an Account")): Object: 'Object Repository/Create New Customer Account Page/button_Create an Account' is clicked on

2018-12-14 12:35:12 - [MESSAGE][PASSED] - Object: 'Object Repository/Create New Customer Account Page/button_Create an Account' is clicked on

2018-12-14 12:35:12 - [TEST_STEP][PASSED] - verifyElementPresent(findTestObject("Create New Customer Account Page/empty_phone_field error"), 2): Object 'Object Repository/Create New Customer Account Page/empty_phone_field error' is present

2018-12-14 12:35:12 - [MESSAGE][PASSED] - Object 'Object Repository/Create New Customer Account Page/empty_phone_field error' is present

2018-12-14 12:35:12 - [TEST_STEP][PASSED] - closeBrowser(): Browser is closed

2018-12-14 12:35:13 - [MESSAGE][PASSED] - Browser is closed]]></system-out>
         <system-err><![CDATA[]]></system-err>
      </testcase>
      <testcase name="Test Cases/User Authentication/TC- Login validation(wrong username or password)" classname="Test Cases/User Authentication/TC- Login validation(wrong username or password)" status="FAILED">
         <failure type="FAILED" message="Test Cases/User Authentication/TC- Login validation(wrong username or password) FAILED.
Reason:
com.kms.katalon.core.exception.StepFailedException: Unable to verify object 'Object Repository/Customer Login Page/error message' is present (Root cause: com.kms.katalon.core.exception.StepFailedException: com.kms.katalon.core.webui.exception.WebElementNotFoundException: Web element with id: 'Object Repository/Customer Login Page/error message' located by 'By.xpath: //*[@id=&quot;maincontent&quot;]//div[contains(text()=&quot;Invalid login or password.&quot;)]' not found)
	at com.kms.katalon.core.keyword.internal.KeywordMain.stepFailed(KeywordMain.groovy:36)
	at com.kms.katalon.core.webui.keyword.internal.WebUIKeywordMain.stepFailed(WebUIKeywordMain.groovy:65)
	at com.kms.katalon.core.webui.keyword.internal.WebUIKeywordMain.runKeyword(WebUIKeywordMain.groovy:27)
	at com.kms.katalon.core.webui.keyword.builtin.VerifyElementPresentKeyword.verifyElementPresent(VerifyElementPresentKeyword.groovy:92)
	at com.kms.katalon.core.webui.keyword.builtin.VerifyElementPresentKeyword.execute(VerifyElementPresentKeyword.groovy:68)
	at com.kms.katalon.core.keyword.internal.KeywordExecutor.executeKeywordForPlatform(KeywordExecutor.groovy:53)
	at com.kms.katalon.core.webui.keyword.WebUiBuiltInKeywords.verifyElementPresent(WebUiBuiltInKeywords.groovy:1434)
	at com.kms.katalon.core.webui.keyword.WebUiBuiltInKeywords$verifyElementPresent$2.call(Unknown Source)
	at TC- Login validation(wrong username or password).run(TC- Login validation(wrong username or password):28)
	at com.kms.katalon.core.main.ScriptEngine.run(ScriptEngine.java:194)
	at com.kms.katalon.core.main.ScriptEngine.runScriptAsRawText(ScriptEngine.java:119)
	at com.kms.katalon.core.main.TestCaseExecutor.runScript(TestCaseExecutor.java:321)
	at com.kms.katalon.core.main.TestCaseExecutor.doExecute(TestCaseExecutor.java:312)
	at com.kms.katalon.core.main.TestCaseExecutor.processExecutionPhase(TestCaseExecutor.java:291)
	at com.kms.katalon.core.main.TestCaseExecutor.accessMainPhase(TestCaseExecutor.java:283)
	at com.kms.katalon.core.main.TestCaseExecutor.execute(TestCaseExecutor.java:222)
	at com.kms.katalon.core.main.TestSuiteExecutor.accessTestCaseMainPhase(TestSuiteExecutor.java:129)
	at com.kms.katalon.core.main.TestSuiteExecutor.accessTestSuiteMainPhase(TestSuiteExecutor.java:112)
	at com.kms.katalon.core.main.TestSuiteExecutor.execute(TestSuiteExecutor.java:81)
	at com.kms.katalon.core.main.TestCaseMain.startTestSuite(TestCaseMain.java:149)
	at com.kms.katalon.core.main.TestCaseMain$startTestSuite$0.call(Unknown Source)
	at TempTestSuite1544779995398.run(TempTestSuite1544779995398.groovy:36)
"/>
         <system-out><![CDATA[2018-12-14 12:35:13 - [TEST_CASE][FAILED] - Test Cases/User Authentication/TC- Login validation(wrong username or password): Test Cases/User Authentication/TC- Login validation(wrong username or password) FAILED.
Reason:
com.kms.katalon.core.exception.StepFailedException: Unable to verify object 'Object Repository/Customer Login Page/error message' is present (Root cause: com.kms.katalon.core.exception.StepFailedException: com.kms.katalon.core.webui.exception.WebElementNotFoundException: Web element with id: 'Object Repository/Customer Login Page/error message' located by 'By.xpath: //*[@id="maincontent"]//div[contains(text()="Invalid login or password.")]' not found)
	at com.kms.katalon.core.keyword.internal.KeywordMain.stepFailed(KeywordMain.groovy:36)
	at com.kms.katalon.core.webui.keyword.internal.WebUIKeywordMain.stepFailed(WebUIKeywordMain.groovy:65)
	at com.kms.katalon.core.webui.keyword.internal.WebUIKeywordMain.runKeyword(WebUIKeywordMain.groovy:27)
	at com.kms.katalon.core.webui.keyword.builtin.VerifyElementPresentKeyword.verifyElementPresent(VerifyElementPresentKeyword.groovy:92)
	at com.kms.katalon.core.webui.keyword.builtin.VerifyElementPresentKeyword.execute(VerifyElementPresentKeyword.groovy:68)
	at com.kms.katalon.core.keyword.internal.KeywordExecutor.executeKeywordForPlatform(KeywordExecutor.groovy:53)
	at com.kms.katalon.core.webui.keyword.WebUiBuiltInKeywords.verifyElementPresent(WebUiBuiltInKeywords.groovy:1434)
	at com.kms.katalon.core.webui.keyword.WebUiBuiltInKeywords$verifyElementPresent$2.call(Unknown Source)
	at TC- Login validation(wrong username or password).run(TC- Login validation(wrong username or password):28)
	at com.kms.katalon.core.main.ScriptEngine.run(ScriptEngine.java:194)
	at com.kms.katalon.core.main.ScriptEngine.runScriptAsRawText(ScriptEngine.java:119)
	at com.kms.katalon.core.main.TestCaseExecutor.runScript(TestCaseExecutor.java:321)
	at com.kms.katalon.core.main.TestCaseExecutor.doExecute(TestCaseExecutor.java:312)
	at com.kms.katalon.core.main.TestCaseExecutor.processExecutionPhase(TestCaseExecutor.java:291)
	at com.kms.katalon.core.main.TestCaseExecutor.accessMainPhase(TestCaseExecutor.java:283)
	at com.kms.katalon.core.main.TestCaseExecutor.execute(TestCaseExecutor.java:222)
	at com.kms.katalon.core.main.TestSuiteExecutor.accessTestCaseMainPhase(TestSuiteExecutor.java:129)
	at com.kms.katalon.core.main.TestSuiteExecutor.accessTestSuiteMainPhase(TestSuiteExecutor.java:112)
	at com.kms.katalon.core.main.TestSuiteExecutor.execute(TestSuiteExecutor.java:81)
	at com.kms.katalon.core.main.TestCaseMain.startTestSuite(TestCaseMain.java:149)
	at com.kms.katalon.core.main.TestCaseMain$startTestSuite$0.call(Unknown Source)
	at TempTestSuite1544779995398.run(TempTestSuite1544779995398.groovy:36)


2018-12-14 12:35:13 - [TEST_STEP][PASSED] - openBrowser(masoko): Browser is opened with url: 'https://www.masoko.com/'

2018-12-14 12:35:13 - [MESSAGE][INFO] - Starting 'Chrome' driver

2018-12-14 12:36:00 - [MESSAGE][PASSED] - Browser is opened with url: 'https://www.masoko.com/'

2018-12-14 12:36:00 - [TEST_STEP][PASSED] - click(findTestObject("Home Page/Sign In ")): Object: 'Object Repository/Home Page/Sign In ' is clicked on

2018-12-14 12:36:21 - [MESSAGE][PASSED] - Object: 'Object Repository/Home Page/Sign In ' is clicked on

2018-12-14 12:36:21 - [TEST_STEP][PASSED] - setText(findTestObject("Customer Login Page/input_username"), findTestData("Masoko data/TD- Masoko login").getValue(1, 3)): Text 'stella.ireri@gmail.com' is set on object 'Object Repository/Customer Login Page/input_username'

2018-12-14 12:36:22 - [MESSAGE][PASSED] - Text 'stella.ireri@gmail.com' is set on object 'Object Repository/Customer Login Page/input_username'

2018-12-14 12:36:22 - [TEST_STEP][PASSED] - setText(findTestObject("Customer Login Page/input_password"), findTestData("Masoko data/TD- Masoko login").getValue(2, 3)): Text '12345678' is set on object 'Object Repository/Customer Login Page/input_password'

2018-12-14 12:36:22 - [MESSAGE][PASSED] - Text '12345678' is set on object 'Object Repository/Customer Login Page/input_password'

2018-12-14 12:36:22 - [TEST_STEP][PASSED] - click(findTestObject("Customer Login Page/button_Sign In")): Object: 'Object Repository/Customer Login Page/button_Sign In' is clicked on

2018-12-14 12:37:07 - [MESSAGE][PASSED] - Object: 'Object Repository/Customer Login Page/button_Sign In' is clicked on

2018-12-14 12:37:07 - [TEST_STEP][FAILED] - verifyElementPresent(findTestObject("Customer Login Page/error message"), 2): verifyElementPresent(findTestObject("Customer Login Page/error message"), 2) FAILED.
Reason:
com.kms.katalon.core.exception.StepFailedException: Unable to verify object 'Object Repository/Customer Login Page/error message' is present (Root cause: com.kms.katalon.core.exception.StepFailedException: com.kms.katalon.core.webui.exception.WebElementNotFoundException: Web element with id: 'Object Repository/Customer Login Page/error message' located by 'By.xpath: //*[@id="maincontent"]//div[contains(text()="Invalid login or password.")]' not found)
	at com.kms.katalon.core.keyword.internal.KeywordMain.stepFailed(KeywordMain.groovy:36)
	at com.kms.katalon.core.webui.keyword.internal.WebUIKeywordMain.stepFailed(WebUIKeywordMain.groovy:65)
	at com.kms.katalon.core.webui.keyword.internal.WebUIKeywordMain.runKeyword(WebUIKeywordMain.groovy:27)
	at com.kms.katalon.core.webui.keyword.builtin.VerifyElementPresentKeyword.verifyElementPresent(VerifyElementPresentKeyword.groovy:92)
	at com.kms.katalon.core.webui.keyword.builtin.VerifyElementPresentKeyword.execute(VerifyElementPresentKeyword.groovy:68)
	at com.kms.katalon.core.keyword.internal.KeywordExecutor.executeKeywordForPlatform(KeywordExecutor.groovy:53)
	at com.kms.katalon.core.webui.keyword.WebUiBuiltInKeywords.verifyElementPresent(WebUiBuiltInKeywords.groovy:1434)
	at com.kms.katalon.core.webui.keyword.WebUiBuiltInKeywords$verifyElementPresent$2.call(Unknown Source)
	at TC- Login validation(wrong username or password).run(TC- Login validation(wrong username or password):28)
	at com.kms.katalon.core.main.ScriptEngine.run(ScriptEngine.java:194)
	at com.kms.katalon.core.main.ScriptEngine.runScriptAsRawText(ScriptEngine.java:119)
	at com.kms.katalon.core.main.TestCaseExecutor.runScript(TestCaseExecutor.java:321)
	at com.kms.katalon.core.main.TestCaseExecutor.doExecute(TestCaseExecutor.java:312)
	at com.kms.katalon.core.main.TestCaseExecutor.processExecutionPhase(TestCaseExecutor.java:291)
	at com.kms.katalon.core.main.TestCaseExecutor.accessMainPhase(TestCaseExecutor.java:283)
	at com.kms.katalon.core.main.TestCaseExecutor.execute(TestCaseExecutor.java:222)
	at com.kms.katalon.core.main.TestSuiteExecutor.accessTestCaseMainPhase(TestSuiteExecutor.java:129)
	at com.kms.katalon.core.main.TestSuiteExecutor.accessTestSuiteMainPhase(TestSuiteExecutor.java:112)
	at com.kms.katalon.core.main.TestSuiteExecutor.execute(TestSuiteExecutor.java:81)
	at com.kms.katalon.core.main.TestCaseMain.startTestSuite(TestCaseMain.java:149)
	at com.kms.katalon.core.main.TestCaseMain$startTestSuite$0.call(Unknown Source)
	at TempTestSuite1544779995398.run(TempTestSuite1544779995398.groovy:36)


2018-12-14 12:37:09 - [MESSAGE][INFO] - Unable to find the element located by 'By.xpath: //*[@id="maincontent"]//div[contains(text()="Invalid login or password.")]'. Please recheck the objects properties to make sure the desired element is located. 

2018-12-14 12:37:09 - [MESSAGE][FAILED] - com.kms.katalon.core.webui.exception.WebElementNotFoundException: Web element with id: 'Object Repository/Customer Login Page/error message' located by 'By.xpath: //*[@id="maincontent"]//div[contains(text()="Invalid login or password.")]' not found
[[ATTACHMENT|C:\\Users\\c810896\\Katalon Studio\\Masoko Automation\\Reports\\User Authentication\\TS-User auth (negative scenarios)\\20181214_123315\\1544780229579.png]]

2018-12-14 12:37:10 - [MESSAGE][FAILED] - Unable to verify object 'Object Repository/Customer Login Page/error message' is present (Root cause: com.kms.katalon.core.exception.StepFailedException: com.kms.katalon.core.webui.exception.WebElementNotFoundException: Web element with id: 'Object Repository/Customer Login Page/error message' located by 'By.xpath: //*[@id="maincontent"]//div[contains(text()="Invalid login or password.")]' not found)
[[ATTACHMENT|C:\\Users\\c810896\\Katalon Studio\\Masoko Automation\\Reports\\User Authentication\\TS-User auth (negative scenarios)\\20181214_123315\\1544780229986.png]]

2018-12-14 12:37:10 - [MESSAGE][FAILED] - verifyElementPresent(findTestObject("Customer Login Page/error message"), 2) FAILED.
Reason:
com.kms.katalon.core.exception.StepFailedException: Unable to verify object 'Object Repository/Customer Login Page/error message' is present (Root cause: com.kms.katalon.core.exception.StepFailedException: com.kms.katalon.core.webui.exception.WebElementNotFoundException: Web element with id: 'Object Repository/Customer Login Page/error message' located by 'By.xpath: //*[@id="maincontent"]//div[contains(text()="Invalid login or password.")]' not found)
	at com.kms.katalon.core.keyword.internal.KeywordMain.stepFailed(KeywordMain.groovy:36)
	at com.kms.katalon.core.webui.keyword.internal.WebUIKeywordMain.stepFailed(WebUIKeywordMain.groovy:65)
	at com.kms.katalon.core.webui.keyword.internal.WebUIKeywordMain.runKeyword(WebUIKeywordMain.groovy:27)
	at com.kms.katalon.core.webui.keyword.builtin.VerifyElementPresentKeyword.verifyElementPresent(VerifyElementPresentKeyword.groovy:92)
	at com.kms.katalon.core.webui.keyword.builtin.VerifyElementPresentKeyword.execute(VerifyElementPresentKeyword.groovy:68)
	at com.kms.katalon.core.keyword.internal.KeywordExecutor.executeKeywordForPlatform(KeywordExecutor.groovy:53)
	at com.kms.katalon.core.webui.keyword.WebUiBuiltInKeywords.verifyElementPresent(WebUiBuiltInKeywords.groovy:1434)
	at com.kms.katalon.core.webui.keyword.WebUiBuiltInKeywords$verifyElementPresent$2.call(Unknown Source)
	at TC- Login validation(wrong username or password).run(TC- Login validation(wrong username or password):28)
	at com.kms.katalon.core.main.ScriptEngine.run(ScriptEngine.java:194)
	at com.kms.katalon.core.main.ScriptEngine.runScriptAsRawText(ScriptEngine.java:119)
	at com.kms.katalon.core.main.TestCaseExecutor.runScript(TestCaseExecutor.java:321)
	at com.kms.katalon.core.main.TestCaseExecutor.doExecute(TestCaseExecutor.java:312)
	at com.kms.katalon.core.main.TestCaseExecutor.processExecutionPhase(TestCaseExecutor.java:291)
	at com.kms.katalon.core.main.TestCaseExecutor.accessMainPhase(TestCaseExecutor.java:283)
	at com.kms.katalon.core.main.TestCaseExecutor.execute(TestCaseExecutor.java:222)
	at com.kms.katalon.core.main.TestSuiteExecutor.accessTestCaseMainPhase(TestSuiteExecutor.java:129)
	at com.kms.katalon.core.main.TestSuiteExecutor.accessTestSuiteMainPhase(TestSuiteExecutor.java:112)
	at com.kms.katalon.core.main.TestSuiteExecutor.execute(TestSuiteExecutor.java:81)
	at com.kms.katalon.core.main.TestCaseMain.startTestSuite(TestCaseMain.java:149)
	at com.kms.katalon.core.main.TestCaseMain$startTestSuite$0.call(Unknown Source)
	at TempTestSuite1544779995398.run(TempTestSuite1544779995398.groovy:36)]]></system-out>
         <system-err><![CDATA[2018-12-14 12:35:13 - [TEST_CASE][FAILED] - Test Cases/User Authentication/TC- Login validation(wrong username or password): Test Cases/User Authentication/TC- Login validation(wrong username or password) FAILED.
Reason:
com.kms.katalon.core.exception.StepFailedException: Unable to verify object 'Object Repository/Customer Login Page/error message' is present (Root cause: com.kms.katalon.core.exception.StepFailedException: com.kms.katalon.core.webui.exception.WebElementNotFoundException: Web element with id: 'Object Repository/Customer Login Page/error message' located by 'By.xpath: //*[@id="maincontent"]//div[contains(text()="Invalid login or password.")]' not found)
	at com.kms.katalon.core.keyword.internal.KeywordMain.stepFailed(KeywordMain.groovy:36)
	at com.kms.katalon.core.webui.keyword.internal.WebUIKeywordMain.stepFailed(WebUIKeywordMain.groovy:65)
	at com.kms.katalon.core.webui.keyword.internal.WebUIKeywordMain.runKeyword(WebUIKeywordMain.groovy:27)
	at com.kms.katalon.core.webui.keyword.builtin.VerifyElementPresentKeyword.verifyElementPresent(VerifyElementPresentKeyword.groovy:92)
	at com.kms.katalon.core.webui.keyword.builtin.VerifyElementPresentKeyword.execute(VerifyElementPresentKeyword.groovy:68)
	at com.kms.katalon.core.keyword.internal.KeywordExecutor.executeKeywordForPlatform(KeywordExecutor.groovy:53)
	at com.kms.katalon.core.webui.keyword.WebUiBuiltInKeywords.verifyElementPresent(WebUiBuiltInKeywords.groovy:1434)
	at com.kms.katalon.core.webui.keyword.WebUiBuiltInKeywords$verifyElementPresent$2.call(Unknown Source)
	at TC- Login validation(wrong username or password).run(TC- Login validation(wrong username or password):28)
	at com.kms.katalon.core.main.ScriptEngine.run(ScriptEngine.java:194)
	at com.kms.katalon.core.main.ScriptEngine.runScriptAsRawText(ScriptEngine.java:119)
	at com.kms.katalon.core.main.TestCaseExecutor.runScript(TestCaseExecutor.java:321)
	at com.kms.katalon.core.main.TestCaseExecutor.doExecute(TestCaseExecutor.java:312)
	at com.kms.katalon.core.main.TestCaseExecutor.processExecutionPhase(TestCaseExecutor.java:291)
	at com.kms.katalon.core.main.TestCaseExecutor.accessMainPhase(TestCaseExecutor.java:283)
	at com.kms.katalon.core.main.TestCaseExecutor.execute(TestCaseExecutor.java:222)
	at com.kms.katalon.core.main.TestSuiteExecutor.accessTestCaseMainPhase(TestSuiteExecutor.java:129)
	at com.kms.katalon.core.main.TestSuiteExecutor.accessTestSuiteMainPhase(TestSuiteExecutor.java:112)
	at com.kms.katalon.core.main.TestSuiteExecutor.execute(TestSuiteExecutor.java:81)
	at com.kms.katalon.core.main.TestCaseMain.startTestSuite(TestCaseMain.java:149)
	at com.kms.katalon.core.main.TestCaseMain$startTestSuite$0.call(Unknown Source)
	at TempTestSuite1544779995398.run(TempTestSuite1544779995398.groovy:36)]]></system-err>
      </testcase>
      <testcase name="Test Cases/User Authentication/TC-Login validation(empty fields)" classname="Test Cases/User Authentication/TC-Login validation(empty fields)" status="PASSED">
         <system-out><![CDATA[2018-12-14 12:37:10 - [TEST_CASE][PASSED] - Test Cases/User Authentication/TC-Login validation(empty fields): Test Cases/User Authentication/TC-Login validation(empty fields)

2018-12-14 12:37:10 - [TEST_STEP][PASSED] - openBrowser(masoko): Browser is opened with url: 'https://www.masoko.com/'

2018-12-14 12:37:10 - [MESSAGE][WARNING] - A browser is already opened. Closing browser and opening a new one

2018-12-14 12:37:11 - [MESSAGE][INFO] - Starting 'Chrome' driver

2018-12-14 12:38:00 - [MESSAGE][PASSED] - Browser is opened with url: 'https://www.masoko.com/'

2018-12-14 12:38:00 - [TEST_STEP][PASSED] - click(findTestObject("Home Page/Sign In ")): Object: 'Object Repository/Home Page/Sign In ' is clicked on

2018-12-14 12:38:21 - [MESSAGE][PASSED] - Object: 'Object Repository/Home Page/Sign In ' is clicked on

2018-12-14 12:38:21 - [TEST_STEP][PASSED] - setText(findTestObject("Customer Login Page/input_username"), findTestData("Masoko data/TD- Masoko login").getValue(1, 1)): Text 'stellaireri@gmail.com' is set on object 'Object Repository/Customer Login Page/input_username'

2018-12-14 12:38:21 - [MESSAGE][PASSED] - Text 'stellaireri@gmail.com' is set on object 'Object Repository/Customer Login Page/input_username'

2018-12-14 12:38:21 - [TEST_STEP][PASSED] - setText(findTestObject("Customer Login Page/input_password"), ""): Text '' is set on object 'Object Repository/Customer Login Page/input_password'

2018-12-14 12:38:21 - [MESSAGE][PASSED] - Text '' is set on object 'Object Repository/Customer Login Page/input_password'

2018-12-14 12:38:21 - [TEST_STEP][PASSED] - click(findTestObject("Customer Login Page/button_Sign In")): Object: 'Object Repository/Customer Login Page/button_Sign In' is clicked on

2018-12-14 12:38:21 - [MESSAGE][PASSED] - Object: 'Object Repository/Customer Login Page/button_Sign In' is clicked on

2018-12-14 12:38:21 - [TEST_STEP][PASSED] - verifyElementPresent(findTestObject("Customer Login Page/empty_field error"), 0): Object 'Object Repository/Customer Login Page/empty_field error' is present

2018-12-14 12:38:22 - [MESSAGE][WARNING] - Timeout '0' is invalid. Using default page load timeout: '30'

2018-12-14 12:38:22 - [MESSAGE][PASSED] - Object 'Object Repository/Customer Login Page/empty_field error' is present

2018-12-14 12:38:22 - [TEST_STEP][PASSED] - closeBrowser(): Browser is closed

2018-12-14 12:38:23 - [MESSAGE][PASSED] - Browser is closed]]></system-out>
         <system-err><![CDATA[]]></system-err>
      </testcase>
      <system-out><![CDATA[2018-12-14 12:33:32 - [TEST_SUITE][FAILED] - TS-User auth (negative scenarios): Test Cases/User Authentication/TC- Login validation(wrong username or password) FAILED.
Reason:
com.kms.katalon.core.exception.StepFailedException: Unable to verify object 'Object Repository/Customer Login Page/error message' is present (Root cause: com.kms.katalon.core.exception.StepFailedException: com.kms.katalon.core.webui.exception.WebElementNotFoundException: Web element with id: 'Object Repository/Customer Login Page/error message' located by 'By.xpath: //*[@id="maincontent"]//div[contains(text()="Invalid login or password.")]' not found)
	at com.kms.katalon.core.keyword.internal.KeywordMain.stepFailed(KeywordMain.groovy:36)
	at com.kms.katalon.core.webui.keyword.internal.WebUIKeywordMain.stepFailed(WebUIKeywordMain.groovy:65)
	at com.kms.katalon.core.webui.keyword.internal.WebUIKeywordMain.runKeyword(WebUIKeywordMain.groovy:27)
	at com.kms.katalon.core.webui.keyword.builtin.VerifyElementPresentKeyword.verifyElementPresent(VerifyElementPresentKeyword.groovy:92)
	at com.kms.katalon.core.webui.keyword.builtin.VerifyElementPresentKeyword.execute(VerifyElementPresentKeyword.groovy:68)
	at com.kms.katalon.core.keyword.internal.KeywordExecutor.executeKeywordForPlatform(KeywordExecutor.groovy:53)
	at com.kms.katalon.core.webui.keyword.WebUiBuiltInKeywords.verifyElementPresent(WebUiBuiltInKeywords.groovy:1434)
	at com.kms.katalon.core.webui.keyword.WebUiBuiltInKeywords$verifyElementPresent$2.call(Unknown Source)
	at TC- Login validation(wrong username or password).run(TC- Login validation(wrong username or password):28)
	at com.kms.katalon.core.main.ScriptEngine.run(ScriptEngine.java:194)
	at com.kms.katalon.core.main.ScriptEngine.runScriptAsRawText(ScriptEngine.java:119)
	at com.kms.katalon.core.main.TestCaseExecutor.runScript(TestCaseExecutor.java:321)
	at com.kms.katalon.core.main.TestCaseExecutor.doExecute(TestCaseExecutor.java:312)
	at com.kms.katalon.core.main.TestCaseExecutor.processExecutionPhase(TestCaseExecutor.java:291)
	at com.kms.katalon.core.main.TestCaseExecutor.accessMainPhase(TestCaseExecutor.java:283)
	at com.kms.katalon.core.main.TestCaseExecutor.execute(TestCaseExecutor.java:222)
	at com.kms.katalon.core.main.TestSuiteExecutor.accessTestCaseMainPhase(TestSuiteExecutor.java:129)
	at com.kms.katalon.core.main.TestSuiteExecutor.accessTestSuiteMainPhase(TestSuiteExecutor.java:112)
	at com.kms.katalon.core.main.TestSuiteExecutor.execute(TestSuiteExecutor.java:81)
	at com.kms.katalon.core.main.TestCaseMain.startTestSuite(TestCaseMain.java:149)
	at com.kms.katalon.core.main.TestCaseMain$startTestSuite$0.call(Unknown Source)
	at TempTestSuite1544779995398.run(TempTestSuite1544779995398.groovy:36)]]></system-out>
      <system-err><![CDATA[2018-12-14 12:33:32 - [TEST_SUITE][FAILED] - TS-User auth (negative scenarios): Test Cases/User Authentication/TC- Login validation(wrong username or password) FAILED.
Reason:
com.kms.katalon.core.exception.StepFailedException: Unable to verify object 'Object Repository/Customer Login Page/error message' is present (Root cause: com.kms.katalon.core.exception.StepFailedException: com.kms.katalon.core.webui.exception.WebElementNotFoundException: Web element with id: 'Object Repository/Customer Login Page/error message' located by 'By.xpath: //*[@id="maincontent"]//div[contains(text()="Invalid login or password.")]' not found)
	at com.kms.katalon.core.keyword.internal.KeywordMain.stepFailed(KeywordMain.groovy:36)
	at com.kms.katalon.core.webui.keyword.internal.WebUIKeywordMain.stepFailed(WebUIKeywordMain.groovy:65)
	at com.kms.katalon.core.webui.keyword.internal.WebUIKeywordMain.runKeyword(WebUIKeywordMain.groovy:27)
	at com.kms.katalon.core.webui.keyword.builtin.VerifyElementPresentKeyword.verifyElementPresent(VerifyElementPresentKeyword.groovy:92)
	at com.kms.katalon.core.webui.keyword.builtin.VerifyElementPresentKeyword.execute(VerifyElementPresentKeyword.groovy:68)
	at com.kms.katalon.core.keyword.internal.KeywordExecutor.executeKeywordForPlatform(KeywordExecutor.groovy:53)
	at com.kms.katalon.core.webui.keyword.WebUiBuiltInKeywords.verifyElementPresent(WebUiBuiltInKeywords.groovy:1434)
	at com.kms.katalon.core.webui.keyword.WebUiBuiltInKeywords$verifyElementPresent$2.call(Unknown Source)
	at TC- Login validation(wrong username or password).run(TC- Login validation(wrong username or password):28)
	at com.kms.katalon.core.main.ScriptEngine.run(ScriptEngine.java:194)
	at com.kms.katalon.core.main.ScriptEngine.runScriptAsRawText(ScriptEngine.java:119)
	at com.kms.katalon.core.main.TestCaseExecutor.runScript(TestCaseExecutor.java:321)
	at com.kms.katalon.core.main.TestCaseExecutor.doExecute(TestCaseExecutor.java:312)
	at com.kms.katalon.core.main.TestCaseExecutor.processExecutionPhase(TestCaseExecutor.java:291)
	at com.kms.katalon.core.main.TestCaseExecutor.accessMainPhase(TestCaseExecutor.java:283)
	at com.kms.katalon.core.main.TestCaseExecutor.execute(TestCaseExecutor.java:222)
	at com.kms.katalon.core.main.TestSuiteExecutor.accessTestCaseMainPhase(TestSuiteExecutor.java:129)
	at com.kms.katalon.core.main.TestSuiteExecutor.accessTestSuiteMainPhase(TestSuiteExecutor.java:112)
	at com.kms.katalon.core.main.TestSuiteExecutor.execute(TestSuiteExecutor.java:81)
	at com.kms.katalon.core.main.TestCaseMain.startTestSuite(TestCaseMain.java:149)
	at com.kms.katalon.core.main.TestCaseMain$startTestSuite$0.call(Unknown Source)
	at TempTestSuite1544779995398.run(TempTestSuite1544779995398.groovy:36)]]></system-err>
   </testsuite>
</testsuites>
